Magisk Module Systemless Debloater (REPLACE) v1.4.9 log file.
Copyright (c) zgfg @ xda, 2020-2022

Thu Oct  6 13:23:59 2022
Android 12 SAR A/B (_a)
38ab6858:MAGISK:R (25203)

MODPATH: /data/adb/modules_update/SystemlessDebloater

Input debloat list file: /storage/emulated/0/Download/SystemlessDebloaterList.sh

Input-SarMountPointList="/product /vendor /system_ext"

Input-DebloatList="
XiaomiSimActivateService
BookmarkProvider
CatchLog
CneApp
EasterEgg
GoogleFeedback
GooglePartnerSetup
HotwordEnrollmentOKGoogleHEXAGON
HotwordEnrollmentXGoogleHEXAGON
ims
Joyose
MiBrowserGlobal
MiGameService
MiMover
MiService
MiShare
MiuiBugReport
MiuiDaemon
MiuiScanner
PaymentService
Stk
TouchAssistant
Traceur
"

Verbose logging: true

Multiple search/debloat: 

Previously debloated Stock apps:
/system/app/XiaomiSimActivateService/.replace
/system/app/EasterEgg/.replace
/system/app/Joyose/.replace
/system/app/PaymentService/.replace
/system/app/MiGameService/.replace
/system/app/Stk/.replace
/system/app/MiuiDaemon/.replace
/system/app/BookmarkProvider/.replace
/system/app/MiuiBugReport/.replace
/system/app/TouchAssistant/.replace
/system/app/CatchLog/.replace
/system/priv-app/MiMover/.replace
/system/priv-app/MiBrowserGlobal/.replace
/system/priv-app/MiShare/.replace
/system/priv-app/MiService/.replace
/system/priv-app/MiuiScanner/.replace
/system/priv-app/Traceur/.replace

ServiceFile: /data/adb/modules_update/SystemlessDebloater/service.sh

Debloating:
found: /system/app/BookmarkProvider/.replace
found: /system/app/CatchLog/.replace
found: /vendor/app/CneApp/CneApp.apk 
found: /system/app/EasterEgg/.replace
found: /system_ext/priv-app/GoogleFeedback/GoogleFeedback.apk 
found: /product/priv-app/GooglePartnerSetup/GooglePartnerSetup.apk 
found: /product/priv-app/HotwordEnrollmentOKGoogleHEXAGON/HotwordEnrollmentOKGoogleHEXAGON.apk 
found: /product/priv-app/HotwordEnrollmentXGoogleHEXAGON/HotwordEnrollmentXGoogleHEXAGON.apk 
found: /system/app/Joyose/.replace
found: /system/priv-app/MiBrowserGlobal/.replace
found: /system/app/MiGameService/.replace
found: /system/priv-app/MiMover/.replace
found: /system/priv-app/MiService/.replace
found: /system/priv-app/MiShare/.replace
found: /system/app/MiuiBugReport/.replace
found: /system/app/MiuiDaemon/.replace
found: /system/priv-app/MiuiScanner/.replace
found: /system/app/PaymentService/.replace
found: /system/app/Stk/.replace
found: /system/app/TouchAssistant/.replace
found: /system/priv-app/Traceur/.replace
found: /system/app/XiaomiSimActivateService/.replace
found: /system_ext/priv-app/ims/ims.apk 

DebloatedList="
BookmarkProvider
CatchLog
CneApp
EasterEgg
GoogleFeedback
GooglePartnerSetup
HotwordEnrollmentOKGoogleHEXAGON
HotwordEnrollmentXGoogleHEXAGON
Joyose
MiBrowserGlobal
MiGameService
MiMover
MiService
MiShare
MiuiBugReport
MiuiDaemon
MiuiScanner
PaymentService
Stk
TouchAssistant
Traceur
XiaomiSimActivateService
ims
"

REPLACE="
/system/app/BookmarkProvider
/system/app/CatchLog
/system/app/EasterEgg
/system/app/Joyose
/system/app/MiGameService
/system/app/MiuiBugReport
/system/app/MiuiDaemon
/system/app/PaymentService
/system/app/Stk
/system/app/TouchAssistant
/system/app/XiaomiSimActivateService
/system/priv-app/MiBrowserGlobal
/system/priv-app/MiMover
/system/priv-app/MiService
/system/priv-app/MiShare
/system/priv-app/MiuiScanner
/system/priv-app/Traceur
"

MountList="
/product/priv-app/GooglePartnerSetup/GooglePartnerSetup.apk
/product/priv-app/HotwordEnrollmentOKGoogleHEXAGON/HotwordEnrollmentOKGoogleHEXAGON.apk
/product/priv-app/HotwordEnrollmentXGoogleHEXAGON/HotwordEnrollmentXGoogleHEXAGON.apk
/system_ext/priv-app/GoogleFeedback/GoogleFeedback.apk
/system_ext/priv-app/ims/ims.apk
/vendor/app/CneApp/CneApp.apk
"

Stock apps:
/product/app/ModuleMetadataGoogle/ModuleMetadataGoogle.apk
/product/app/LatinImeGoogle/LatinImeGoogle.apk
/product/app/PowerOffAlarm/PowerOffAlarm.apk
/product/app/SoundPickerGoogle/SoundPickerGoogle.apk
/product/app/remoteSimLockAuthentication/remoteSimLockAuthentication.apk
/product/app/SpeechServicesByGoogle/SpeechServicesByGoogle.apk
/product/app/remotesimlockservice/remotesimlockservice.apk
/product/app/GoogleCalendarSyncAdapter/GoogleCalendarSyncAdapter.apk
/product/app/uimgbaservice/uimgbaservice.apk
/product/app/MiuiTelecomOverlay/MiuiTelecomOverlay.apk
/product/app/RideModeAudio/RideModeAudio.apk
/product/app/WebViewGoogle/WebViewGoogle.apk
/product/app/DeviceStatisticsService/DeviceStatisticsService.apk
/product/app/xdivert/xdivert.apk
/product/app/uimremoteserver/uimremoteserver.apk
/product/app/TrichromeLibrary/TrichromeLibrary.apk
/product/app/uimlpaservice/uimlpaservice.apk
/product/app/uimremoteclient/uimremoteclient.apk
/product/app/GoogleContactsSyncAdapter/GoogleContactsSyncAdapter.apk
/product/app/GoogleLocationHistory/GoogleLocationHistory.apk
/product/prebuilts/com.android.deskclock/com.android.deskclocklib.res20190812.apk
/product/priv-app/Phonesky/Phonesky.apk
/product/priv-app/HotwordEnrollmentOKGoogleHEXAGON/HotwordEnrollmentOKGoogleHEXAGON.apk
/product/priv-app/SettingsIntelligence/SettingsIntelligence.apk
/product/priv-app/SetupWizard/SetupWizard.apk
/product/priv-app/GoogleRestore/GoogleRestore.apk
/product/priv-app/AndroidAutoStub/AndroidAutoStub.apk
/product/priv-app/GooglePartnerSetup/GooglePartnerSetup.apk
/product/priv-app/Velvet/Velvet.apk
/product/priv-app/ConfigUpdater/ConfigUpdater.apk
/product/priv-app/GmsCore/m/independent/AndroidPlatformServices.apk
/product/priv-app/GmsCore/GmsCore.apk
/product/priv-app/HotwordEnrollmentXGoogleHEXAGON/HotwordEnrollmentXGoogleHEXAGON.apk
/product/priv-app/CarrierServices/CarrierServices.apk
/product/overlay/WifiResCommon_Sys.apk
/product/overlay/GmsConfigOverlayCommon.apk
/product/overlay/DevicesOverlay.apk
/product/overlay/DeviceAndroidConfig.apk
/product/overlay/MiuiSystemUIResOverlay.apk
/product/overlay/GoogleExtServicesConfigOverlay.apk
/product/overlay/AospFrameworkResOverlay.apk
/product/overlay/NavigationBarModeGestural/NavigationBarModeGesturalOverlay.apk
/product/overlay/NavigationBarMode3Button/NavigationBarMode3ButtonOverlay.apk
/product/overlay/MiuiFrameworkResOverlay.apk
/product/overlay/DevicesAndroidOverlay.apk
/product/overlay/SettingsResCommon_Sys.apk
/product/overlay/MiuiCustomizeWallpaperOverlay.apk
/product/overlay/ElderlyNavigationBarOverlay.apk
/product/overlay/NavigationBarModeGesturalNarrowBack/NavigationBarModeGesturalOverlayNarrowBack.apk
/product/overlay/MiuiSettingsResOverlay.apk
/product/overlay/MccMncOverlay.apk
/product/overlay/MiuiCustomizeLockscreenOverlay.apk
/product/overlay/DisplayCutoutEmulationCorner/DisplayCutoutEmulationCornerOverlay.apk
/product/overlay/GooglePermissionControllerFrameworkOverlay.apk
/product/overlay/SystemUIResCommon_Sys.apk
/product/overlay/AospWifiResOverlay.apk
/product/overlay/NavigationBarModeGesturalWideBack/NavigationBarModeGesturalOverlayWideBack.apk
/product/overlay/FontNotoSerifSource/FontNotoSerifSourceOverlay.apk
/product/overlay/GestureLineOverlay.apk
/product/overlay/DeviceConfig.apk
/product/overlay/GmsConfigOverlayGeotz.apk
/product/overlay/FrameworksResCommonQva_Sys.apk
/product/overlay/GooglePermissionControllerOverlay.apk
/product/overlay/DisplayCutoutEmulationDouble/DisplayCutoutEmulationDoubleOverlay.apk
/product/overlay/NavigationBarModeGesturalExtraWideBack/NavigationBarModeGesturalOverlayExtraWideBack.apk
/product/overlay/DisplayCutoutEmulationTall/DisplayCutoutEmulationTallOverlay.apk
/product/overlay/TelephonyResCommon_Sys.apk
/product/overlay/TelecommResCommon_Sys.apk
/product/overlay/DisplayCutoutEmulationHole/DisplayCutoutEmulationHoleOverlay.apk
/product/overlay/CarrierConfigResCommon_Sys.apk
/product/overlay/MIUIEditorOverlay.apk
/product/overlay/DisplayCutoutEmulationWaterfall/DisplayCutoutEmulationWaterfallOverlay.apk
/product/overlay/OneHandedModeGestural/OneHandedModeGesturalOverlay.apk
/product/overlay/FrameworksResCommon_Sys.apk
/product/overlay/MiuiBiometricResOverlay.apk
/product/overlay/CellBroadcastReceiverResCommon_Sys.apk
/product/overlay/GoogleDocumentsUIOverlay.apk
/product/overlay/ModuleMetadataGoogleOverlay.apk
/product/overlay/GmsConfigOverlayGSA.apk
/system/app/MaintenanceMode/MaintenanceMode.apk
/system/app/XiaomiAccount/XiaomiAccount.apk
/system/app/miuisystem/miuisystem.apk
/system/app/miui/miui.apk
/system/app/CarrierDefaultApp/CarrierDefaultApp.apk
/system/app/CompanionDeviceManager/CompanionDeviceManager.apk
/system/app/MiuiWallpaper/MiuiWallpaper.apk
/system/app/MiCloudSync/MiCloudSync.apk
/system/app/WapiCertManage/WapiCertManage.apk
/system/app/MiuiCompass/MiuiCompass.apk
/system/app/MiuixEditor/MiuixEditor.apk
/system/app/KeyChain/KeyChain.apk
/system/app/MiGalleryLockscreen/MiGalleryLockscreen.apk
/system/app/Bluetooth/Bluetooth.apk
/system/app/LiveWallpapersPicker/LiveWallpapersPicker.apk
/system/app/Emapal/Emapal.apk
/system/app/MiuiScreenRecorder/MiuiScreenRecorder.apk
/system/app/CertInstaller/CertInstaller.apk
/system/app/Notes/Notes.apk
/system/app/NextPay/NextPay.apk
/system/app/CloudService/CloudService.apk
/system/app/ModemTestBox/ModemTestBox.apk
/system/app/Calculator/Calculator.apk
/system/app/GuardProvider/GuardProvider.apk
/system/app/BluetoothMidiService/BluetoothMidiService.apk
/system/app/PlatformCaptivePortalLogin/PlatformCaptivePortalLogin.apk
/system/app/Cit/Cit.apk
/system/app/Email/Email.apk
/system/app/slaservice/slaservice.apk
/system/app/SecurityAdd/SecurityAdd.apk
/system/app/GooglePrintRecommendationService/GooglePrintRecommendationService.apk
/system/app/HTMLViewer/HTMLViewer.apk
/system/app/WallpaperBackup/WallpaperBackup.apk
/system/app/CameraExtensionsProxy/CameraExtensionsProxy.apk
/system/app/com.miui.qr/com.miui.qr.apk
/system/app/DeskClock/DeskClock.apk
/system/app/VsimCore/VsimCore.apk
/system/app/GoogleExtShared/GoogleExtShared.apk
/system/app/GoogleLens/GoogleLens.apk
/system/app/wps-lite/wps-lite.apk
/system/app/ThemeManager/ThemeManager.apk
/system/app/PacProcessor/PacProcessor.apk
/system/app/MiSound/MiSound.apk
/system/app/SimAppDialog/SimAppDialog.apk
/system/app/SecurityCoreAdd/SecurityCoreAdd.apk
/system/app/FileExplorer/FileExplorer.apk
/system/app/FidoAuthen/FidoAuthen.apk
/system/app/Health/Health.apk
/system/app/NotificationCenter/NotificationCenter.apk
/system/app/MiuiScreenshot/MiuiScreenshot.apk
/system/app/PowerChecker/PowerChecker.apk
/system/app/digitalkey/digitalkey.apk
/system/app/MiuiVideoGlobal/MiuiVideoGlobal.apk
/system/app/XMSFKeeper/XMSFKeeper.apk
/system/app/XiaomiServiceFramework/XiaomiServiceFramework.apk
/system/app/MiuiBluetooth/MiuiBluetooth.apk
/system/app/AutoRegistration/AutoRegistration.apk
/system/app/MiuiSystemUIPlugin/MiuiSystemUIPlugin.apk
/system/app/com.xiaomi.macro/com.xiaomi.macro.apk
/system/app/miuix/miuix.apk
/system/app/PowerKeeper/PowerKeeper.apk
/system/app/MiuiContentCatcher/MiuiContentCatcher.apk
/system/app/Updater/Updater.apk
/system/app/MiLinkService/MiLinkService.apk
/system/app/MiDrive/MiDrive.apk
/system/app/OTrPBroker/OTrPBroker.apk
/system/app/MiConnectService/MiConnectService.apk
/system/app/ConnectivityNPI/ConnectivityNPI.apk
/system/app/MiuiBiometric/MiuiBiometric.apk
/system/app/PrintSpooler/PrintSpooler.apk
/system/app/SecureElement/SecureElement.apk
/system/app/MiuiFrequentPhrase/MiuiFrequentPhrase.apk
/system/priv-app/Shell/Shell.apk
/system/priv-app/StatementService/StatementService.apk
/system/priv-app/MiuiExtraPhoto/MiuiExtraPhoto.apk
/system/priv-app/MiuiCamera/MiuiCamera.apk
/system/priv-app/VpnDialogs/VpnDialogs.apk
/system/priv-app/MediaProviderLegacy/MediaProviderLegacy.apk
/system/priv-app/UserDictionaryProvider/UserDictionaryProvider.apk
/system/priv-app/InProcessNetworkStack/InProcessNetworkStack.apk
/system/priv-app/LocalTransport/LocalTransport.apk
/system/priv-app/BlockedNumberProvider/BlockedNumberProvider.apk
/system/priv-app/SettingsProvider/SettingsProvider.apk
/system/priv-app/TelephonyProvider/TelephonyProvider.apk
/system/priv-app/ContactsProvider/ContactsProvider.apk
/system/priv-app/MiuiGallery/MiuiGallery.apk
/system/priv-app/SoundPicker/SoundPicker.apk
/system/priv-app/DownloadProviderUi/DownloadProviderUi.apk
/system/priv-app/FindDevice/FindDevice.apk
/system/priv-app/CloudBackup/CloudBackup.apk
/system/priv-app/MiuiAod/MiuiAod.apk
/system/priv-app/TeleService/TeleService.apk
/system/priv-app/MiuiHome/MiuiHome.apk
/system/priv-app/GooglePackageInstaller/GooglePackageInstaller.apk
/system/priv-app/RtMiCloudSDK/RtMiCloudSDK.apk
/system/priv-app/MtpService/MtpService.apk
/system/priv-app/CallLogBackup/CallLogBackup.apk
/system/priv-app/ExternalStorageProvider/ExternalStorageProvider.apk
/system/priv-app/BackupRestoreConfirmation/BackupRestoreConfirmation.apk
/system/priv-app/ProxyHandler/ProxyHandler.apk
/system/priv-app/SharedStorageBackup/SharedStorageBackup.apk
/system/priv-app/Provision/Provision.apk
/system/priv-app/ManagedProvisioning/ManagedProvisioning.apk
/system/priv-app/FusedLocation/FusedLocation.apk
/system/priv-app/Contacts/Contacts.apk
/system/priv-app/Telecom/Telecom.apk
/system/priv-app/PersonalAssistant/PersonalAssistant.apk
/system/priv-app/CellBroadcastServiceModulePlatform/CellBroadcastServiceModulePlatform.apk
/system/priv-app/InCallUI/InCallUI.apk
/system/priv-app/AuthManager/AuthManager.apk
/system/priv-app/XiaomiEUExt/XiaomiEUExt.apk
/system/priv-app/CleanMaster/CleanMaster.apk
/system/priv-app/SecurityCenter/SecurityCenter.apk
/system/priv-app/MusicFX/MusicFX.apk
/system/priv-app/MiuiPackageInstaller/MiuiPackageInstaller.apk
/system/priv-app/BuiltInPrintService/BuiltInPrintService.apk
/system/priv-app/Backup/Backup.apk
/system/priv-app/PlatformNetworkPermissionConfig/PlatformNetworkPermissionConfig.apk
/system/priv-app/CalendarProvider/CalendarProvider.apk
/system/priv-app/InputDevices/InputDevices.apk
/system/priv-app/DownloadProvider/DownloadProvider.apk
/system/priv-app/DocumentsUIGoogle/DocumentsUIGoogle.apk
/system/priv-app/DynamicSystemInstallationService/DynamicSystemInstallationService.apk
/system/priv-app/ONS/ONS.apk
/system/priv-app/MiuiFreeformService/MiuiFreeformService.apk
/system/priv-app/Weather/Weather.apk
/system/priv-app/SoundRecorder/SoundRecorder.apk
/system/priv-app/Music/Music.apk
/system/priv-app/Calendar/Calendar.apk
/system/priv-app/Mms/Mms.apk
/system/priv-app/MmsService/MmsService.apk
/system/priv-app/MiSettings/MiSettings.apk
/system/framework/framework-res.apk
/system/framework/framework-ext-res/framework-ext-res.apk
/system_ext/app/workloadclassifier/workloadclassifier.apk
/system_ext/app/ImsRcsService/ImsRcsService.apk
/system_ext/app/QTIDiagServices/QTIDiagServices.apk
/system_ext/app/QtiTelephonyService/QtiTelephonyService.apk
/system_ext/app/atfwd/atfwd.apk
/system_ext/app/embms/embms.apk
/system_ext/app/DeviceInfo/DeviceInfo.apk
/system_ext/app/QdcmFF/QdcmFF.apk
/system_ext/app/datastatusnotification/datastatusnotification.apk
/system_ext/app/WAPPushManager/WAPPushManager.apk
/system_ext/app/NQNfcNci/NQNfcNci.apk
/system_ext/app/DynamicDDSService/DynamicDDSService.apk
/system_ext/app/QtiTelephony/QtiTelephony.apk
/system_ext/priv-app/CellBroadcastAppPlatform/CellBroadcastAppPlatform.apk
/system_ext/priv-app/StorageManager/StorageManager.apk
/system_ext/priv-app/WallpaperCropper/WallpaperCropper.apk
/system_ext/priv-app/MiuiSystemUI/MiuiSystemUI.apk
/system_ext/priv-app/EmergencyInfo/EmergencyInfo.apk
/system_ext/priv-app/xrcbservice/xrcbservice.apk
/system_ext/priv-app/Polaris/Polaris.apk
/system_ext/priv-app/beyondGnssService/beyondGnssService.apk
/system_ext/priv-app/qcrilmsgtunnel/qcrilmsgtunnel.apk
/system_ext/priv-app/GoogleServicesFramework/GoogleServicesFramework.apk
/system_ext/priv-app/WfdService/WfdService.apk
/system_ext/priv-app/QAS_DVC_MSP/QAS_DVC_MSP.apk
/system_ext/priv-app/GoogleOneTimeInitializer/GoogleOneTimeInitializer.apk
/system_ext/priv-app/ims/ims.apk
/system_ext/priv-app/CarrierConfig/CarrierConfig.apk
/system_ext/priv-app/Settings/Settings.apk
/system_ext/priv-app/GoogleFeedback/GoogleFeedback.apk
/system_ext/priv-app/dpmserviceapp/dpmserviceapp.apk
/vendor/app/SoterService/SoterService.apk
/vendor/app/com.qualcomm.qti.gpudrivers.lahaina.api30/com.qualcomm.qti.gpudrivers.lahaina.api30.apk
/vendor/app/IFAAService/IFAAService.apk
/vendor/app/SensorTestTool/SensorTestTool.apk
/vendor/app/CneApp/CneApp.apk
/vendor/app/TimeService/TimeService.apk
/vendor/app/MipayService/MipayService.apk
/vendor/app/EidService_V2/EidService_V2.apk
/vendor/app/IWlanService/IWlanService.apk
/vendor/app/CACertService/CACertService.apk
/vendor/overlay/WifiResTarget.apk
/vendor/overlay/FrameworksResTarget.apk

Stock packages: 
/apex/com.android.apex.cts.shim/app/CtsShim/CtsShim.apk=com.android.cts.ctsshim
/apex/com.android.apex.cts.shim/priv-app/CtsShimPriv/CtsShimPriv.apk=com.android.cts.priv.ctsshim
/apex/com.android.extservices/priv-app/GoogleExtServices@330443000/GoogleExtServices.apk=com.google.android.ext.services
/apex/com.android.mediaprovider/priv-app/MediaProvider/MediaProvider.apk=com.android.providers.media.module
/apex/com.android.permission/priv-app/GooglePermissionController@330912010/GooglePermissionController.apk=com.google.android.permissioncontroller
/apex/com.android.permission/priv-app/GoogleSafetyCenterResources@330912010/GoogleSafetyCenterResources.apk=com.google.android.safetycenter.resources
/apex/com.android.tethering/priv-app/InProcessTethering/InProcessTethering.apk=com.android.networkstack.tethering.inprocess
/apex/com.android.tethering/priv-app/ServiceConnectivityResources/ServiceConnectivityResources.apk=com.android.connectivity.resources
/apex/com.android.wifi/app/OsuLogin/OsuLogin.apk=com.android.hotspot2.osulogin
/apex/com.android.wifi/priv-app/ServiceWifiResources/ServiceWifiResources.apk=com.android.wifi.resources
/product/app/DeviceStatisticsService/DeviceStatisticsService.apk=com.qualcomm.qti.devicestatisticsservice
/product/app/GoogleCalendarSyncAdapter/GoogleCalendarSyncAdapter.apk=com.google.android.syncadapters.calendar
/product/app/GoogleContactsSyncAdapter/GoogleContactsSyncAdapter.apk=com.google.android.syncadapters.contacts
/product/app/GoogleLocationHistory/GoogleLocationHistory.apk=com.google.android.gms.location.history
/product/app/MiuiTelecomOverlay/MiuiTelecomOverlay.apk=com.android.server.telecom.overlay.miui
/product/app/PowerOffAlarm/PowerOffAlarm.apk=com.qualcomm.qti.poweroffalarm
/product/app/RideModeAudio/RideModeAudio.apk=com.qualcomm.qti.ridemodeaudio
/product/app/SoundPickerGoogle/SoundPickerGoogle.apk=com.google.android.soundpicker
/product/app/remoteSimLockAuthentication/remoteSimLockAuthentication.apk=com.qualcomm.qti.remoteSimlockAuth
/product/app/remotesimlockservice/remotesimlockservice.apk=com.qualcomm.qti.uim
/product/app/uimgbaservice/uimgbaservice.apk=com.qualcomm.qti.uimGbaApp
/product/app/uimlpaservice/uimlpaservice.apk=com.qualcomm.qti.lpa
/product/app/uimremoteclient/uimremoteclient.apk=com.qualcomm.uimremoteclient
/product/app/uimremoteserver/uimremoteserver.apk=com.qualcomm.uimremoteserver
/product/app/xdivert/xdivert.apk=com.qti.xdivert
/product/overlay/AospFrameworkResOverlay.apk=android.aosp.overlay
/product/overlay/AospWifiResOverlay.apk=com.android.wifi.resources.xiaomi
/product/overlay/CarrierConfigResCommon_Sys.apk=com.android.carrierconfig.overlay.common
/product/overlay/CellBroadcastReceiverResCommon_Sys.apk=com.android.cellbroadcastreceiver.overlay.common
/product/overlay/DeviceAndroidConfig.apk=android.deviceandroidconfig.config.overlay
/product/overlay/DeviceConfig.apk=com.android.systemui.deviceconfig.config.overlay
/product/overlay/DevicesAndroidOverlay.apk=com.miui.systemui.overlay.devices.android
/product/overlay/DevicesOverlay.apk=com.miui.systemui.devices.overlay
/product/overlay/DisplayCutoutEmulationCorner/DisplayCutoutEmulationCornerOverlay.apk=com.android.internal.display.cutout.emulation.corner
/product/overlay/DisplayCutoutEmulationDouble/DisplayCutoutEmulationDoubleOverlay.apk=com.android.internal.display.cutout.emulation.double
/product/overlay/DisplayCutoutEmulationHole/DisplayCutoutEmulationHoleOverlay.apk=com.android.internal.display.cutout.emulation.hole
/product/overlay/DisplayCutoutEmulationTall/DisplayCutoutEmulationTallOverlay.apk=com.android.internal.display.cutout.emulation.tall
/product/overlay/DisplayCutoutEmulationWaterfall/DisplayCutoutEmulationWaterfallOverlay.apk=com.android.internal.display.cutout.emulation.waterfall
/product/overlay/ElderlyNavigationBarOverlay.apk=com.android.systemui.navigation.bar.overlay
/product/overlay/FontNotoSerifSource/FontNotoSerifSourceOverlay.apk=com.android.theme.font.notoserifsource
/product/overlay/FrameworksResCommonQva_Sys.apk=android.qvaoverlay.common
/product/overlay/FrameworksResCommon_Sys.apk=android.overlay.common
/product/overlay/GestureLineOverlay.apk=com.android.systemui.gesture.line.overlay
/product/overlay/GmsConfigOverlayCommon.apk=com.google.android.overlay.gmsconfig.common
/product/overlay/GmsConfigOverlayGSA.apk=com.google.android.overlay.gmsconfig.gsa
/product/overlay/GmsConfigOverlayGeotz.apk=com.google.android.overlay.gmsconfig.geotz
/product/overlay/GoogleDocumentsUIOverlay.apk=com.google.android.overlay.modules.documentsui
/product/overlay/GoogleExtServicesConfigOverlay.apk=com.google.android.overlay.modules.ext.services
/product/overlay/GooglePermissionControllerFrameworkOverlay.apk=com.google.android.overlay.modules.permissioncontroller.forframework
/product/overlay/GooglePermissionControllerOverlay.apk=com.google.android.overlay.modules.permissioncontroller
/product/overlay/MIUIEditorOverlay.apk=com.miui.core.internal.editor.services
/product/overlay/MccMncOverlay.apk=com.miui.systemui.carriers.overlay
/product/overlay/MiuiBiometricResOverlay.apk=com.miui.face.overlay.miui
/product/overlay/MiuiCustomizeLockscreenOverlay.apk=com.miui.miwallpaper.overlay.customize
/product/overlay/MiuiCustomizeWallpaperOverlay.apk=com.miui.wallpaper.overlay.customize
/product/overlay/MiuiFrameworkResOverlay.apk=android.miui.overlay
/product/overlay/MiuiSettingsResOverlay.apk=com.android.settings.overlay.miui
/product/overlay/MiuiSystemUIResOverlay.apk=com.android.systemui.overlay.miui
/product/overlay/ModuleMetadataGoogleOverlay.apk=com.google.android.overlay.modules.modulemetadata.forframework
/product/overlay/NavigationBarMode3Button/NavigationBarMode3ButtonOverlay.apk=com.android.internal.systemui.navbar.threebutton
/product/overlay/NavigationBarModeGestural/NavigationBarModeGesturalOverlay.apk=com.android.internal.systemui.navbar.gestural
/product/overlay/NavigationBarModeGesturalExtraWideBack/NavigationBarModeGesturalOverlayExtraWideBack.apk=com.android.internal.systemui.navbar.gestural_extra_wide_back
/product/overlay/NavigationBarModeGesturalNarrowBack/NavigationBarModeGesturalOverlayNarrowBack.apk=com.android.internal.systemui.navbar.gestural_narrow_back
/product/overlay/NavigationBarModeGesturalWideBack/NavigationBarModeGesturalOverlayWideBack.apk=com.android.internal.systemui.navbar.gestural_wide_back
/product/overlay/OneHandedModeGestural/OneHandedModeGesturalOverlay.apk=com.android.internal.systemui.onehanded.gestural
/product/overlay/SettingsResCommon_Sys.apk=com.android.settings.overlay.common
/product/overlay/SystemUIResCommon_Sys.apk=com.android.systemui.overlay.common
/product/overlay/TelecommResCommon_Sys.apk=com.android.server.telecom.overlay.common
/product/overlay/TelephonyResCommon_Sys.apk=com.android.phone.overlay.common
/product/overlay/WifiResCommon_Sys.apk=com.android.wifi.resources.overlay.common
/product/priv-app/ConfigUpdater/ConfigUpdater.apk=com.google.android.configupdater
/product/priv-app/SettingsIntelligence/SettingsIntelligence.apk=com.android.settings.intelligence
/product/priv-app/SetupWizard/SetupWizard.apk=com.google.android.setupwizard
/system/app/Bluetooth/Bluetooth.apk=com.android.bluetooth
/system/app/BluetoothMidiService/BluetoothMidiService.apk=com.android.bluetoothmidiservice
/system/app/Calculator/Calculator.apk=com.miui.calculator
/system/app/CameraExtensionsProxy/CameraExtensionsProxy.apk=com.android.cameraextensions
/system/app/CarrierDefaultApp/CarrierDefaultApp.apk=com.android.carrierdefaultapp
/system/app/CertInstaller/CertInstaller.apk=com.android.certinstaller
/system/app/Cit/Cit.apk=com.miui.cit
/system/app/CloudService/CloudService.apk=com.miui.cloudservice
/system/app/CompanionDeviceManager/CompanionDeviceManager.apk=com.android.companiondevicemanager
/system/app/ConnectivityNPI/ConnectivityNPI.apk=com.xiaomi.bsp.gps.nps
/system/app/DeskClock/DeskClock.apk=com.android.deskclock
/system/app/Email/Email.apk=com.android.email
/system/app/Emapal/Emapal.apk=com.mi.emapal
/system/app/FidoAuthen/FidoAuthen.apk=com.fido.asm
/system/app/FileExplorer/FileExplorer.apk=com.android.fileexplorer
/system/app/GoogleExtShared/GoogleExtShared.apk=com.google.android.ext.shared
/system/app/GooglePrintRecommendationService/GooglePrintRecommendationService.apk=com.google.android.printservice.recommendation
/system/app/GuardProvider/GuardProvider.apk=com.miui.guardprovider
/system/app/HTMLViewer/HTMLViewer.apk=com.android.htmlviewer
/system/app/Health/Health.apk=com.mi.health
/system/app/KeyChain/KeyChain.apk=com.android.keychain
/system/app/LiveWallpapersPicker/LiveWallpapersPicker.apk=com.android.wallpaper.livepicker
/system/app/MaintenanceMode/MaintenanceMode.apk=com.miui.maintenancemode
/system/app/MiCloudSync/MiCloudSync.apk=com.miui.micloudsync
/system/app/MiConnectService/MiConnectService.apk=com.xiaomi.mi_connect_service
/system/app/MiDrive/MiDrive.apk=com.miui.newmidrive
/system/app/MiGalleryLockscreen/MiGalleryLockscreen.apk=com.mfashiongallery.emag
/system/app/MiLinkService/MiLinkService.apk=com.milink.service
/system/app/MiSound/MiSound.apk=com.miui.misound
/system/app/MiuiBiometric/MiuiBiometric.apk=com.miui.face
/system/app/MiuiBluetooth/MiuiBluetooth.apk=com.xiaomi.bluetooth
/system/app/MiuiCompass/MiuiCompass.apk=com.miui.compass
/system/app/MiuiContentCatcher/MiuiContentCatcher.apk=com.miui.contentcatcher
/system/app/MiuiFrequentPhrase/MiuiFrequentPhrase.apk=com.miui.phrase
/system/app/MiuiScreenRecorder/MiuiScreenRecorder.apk=com.miui.screenrecorder
/system/app/MiuiScreenshot/MiuiScreenshot.apk=com.miui.screenshot
/system/app/MiuiSystemUIPlugin/MiuiSystemUIPlugin.apk=miui.systemui.plugin
/system/app/MiuiVideoGlobal/MiuiVideoGlobal.apk=com.miui.videoplayer
/system/app/MiuiWallpaper/MiuiWallpaper.apk=com.miui.miwallpaper
/system/app/MiuixEditor/MiuixEditor.apk=com.miuix.editor
/system/app/ModemTestBox/ModemTestBox.apk=com.xiaomi.mtb
/system/app/NextPay/NextPay.apk=com.miui.nextpay
/system/app/Notes/Notes.apk=com.miui.notes
/system/app/NotificationCenter/NotificationCenter.apk=com.miui.notification
/system/app/OTrPBroker/OTrPBroker.apk=com.xiaomi.otrpbroker
/system/app/PacProcessor/PacProcessor.apk=com.android.pacprocessor
/system/app/PlatformCaptivePortalLogin/PlatformCaptivePortalLogin.apk=com.android.captiveportallogin
/system/app/PowerChecker/PowerChecker.apk=com.xiaomi.powerchecker
/system/app/PowerKeeper/PowerKeeper.apk=com.miui.powerkeeper
/system/app/PrintSpooler/PrintSpooler.apk=com.android.printspooler
/system/app/SecureElement/SecureElement.apk=com.android.se
/system/app/SecurityAdd/SecurityAdd.apk=com.miui.securityadd
/system/app/SecurityCoreAdd/SecurityCoreAdd.apk=com.miui.securitycore
/system/app/SimAppDialog/SimAppDialog.apk=com.android.simappdialog
/system/app/ThemeManager/ThemeManager.apk=com.android.thememanager
/system/app/Updater/Updater.apk=com.android.updater
/system/app/VsimCore/VsimCore.apk=com.miui.vsimcore
/system/app/WallpaperBackup/WallpaperBackup.apk=com.android.wallpaperbackup
/system/app/WapiCertManage/WapiCertManage.apk=com.wapi.wapicertmanage
/system/app/XMSFKeeper/XMSFKeeper.apk=com.xiaomi.xmsfkeeper
/system/app/XiaomiAccount/XiaomiAccount.apk=com.xiaomi.account
/system/app/XiaomiServiceFramework/XiaomiServiceFramework.apk=com.xiaomi.xmsf
/system/app/com.miui.qr/com.miui.qr.apk=com.miui.qr
/system/app/com.xiaomi.macro/com.xiaomi.macro.apk=com.xiaomi.macro
/system/app/digitalkey/digitalkey.apk=com.xiaomi.digitalkey
/system/app/miui/miui.apk=com.miui.core
/system/app/miuisystem/miuisystem.apk=com.miui.system
/system/app/slaservice/slaservice.apk=com.qti.slaservice
/system/app/wps-lite/wps-lite.apk=cn.wps.moffice_eng.xiaomi.lite
/system/framework/framework-ext-res/framework-ext-res.apk=com.miui.rom
/system/framework/framework-res.apk=android
/system/priv-app/AuthManager/AuthManager.apk=com.lbe.security.miui
/system/priv-app/Backup/Backup.apk=com.miui.backup
/system/priv-app/BackupRestoreConfirmation/BackupRestoreConfirmation.apk=com.android.backupconfirm
/system/priv-app/BlockedNumberProvider/BlockedNumberProvider.apk=com.android.providers.blockednumber
/system/priv-app/BuiltInPrintService/BuiltInPrintService.apk=com.android.bips
/system/priv-app/Calendar/Calendar.apk=com.android.calendar
/system/priv-app/CalendarProvider/CalendarProvider.apk=com.android.providers.calendar
/system/priv-app/CallLogBackup/CallLogBackup.apk=com.android.calllogbackup
/system/priv-app/CellBroadcastServiceModulePlatform/CellBroadcastServiceModulePlatform.apk=com.android.cellbroadcastservice
/system/priv-app/CleanMaster/CleanMaster.apk=com.miui.cleaner
/system/priv-app/CloudBackup/CloudBackup.apk=com.miui.cloudbackup
/system/priv-app/Contacts/Contacts.apk=com.android.contacts
/system/priv-app/ContactsProvider/ContactsProvider.apk=com.android.providers.contacts
/system/priv-app/DownloadProvider/DownloadProvider.apk=com.android.providers.downloads
/system/priv-app/DownloadProviderUi/DownloadProviderUi.apk=com.android.providers.downloads.ui
/system/priv-app/DynamicSystemInstallationService/DynamicSystemInstallationService.apk=com.android.dynsystem
/system/priv-app/ExternalStorageProvider/ExternalStorageProvider.apk=com.android.externalstorage
/system/priv-app/FindDevice/FindDevice.apk=com.xiaomi.finddevice
/system/priv-app/FusedLocation/FusedLocation.apk=com.android.location.fused
/system/priv-app/InCallUI/InCallUI.apk=com.android.incallui
/system/priv-app/InProcessNetworkStack/InProcessNetworkStack.apk=com.android.networkstack.inprocess
/system/priv-app/InputDevices/InputDevices.apk=com.android.inputdevices
/system/priv-app/LocalTransport/LocalTransport.apk=com.android.localtransport
/system/priv-app/ManagedProvisioning/ManagedProvisioning.apk=com.android.managedprovisioning
/system/priv-app/MediaProviderLegacy/MediaProviderLegacy.apk=com.android.providers.media
/system/priv-app/MiSettings/MiSettings.apk=com.xiaomi.misettings
/system/priv-app/MiuiAod/MiuiAod.apk=com.miui.aod
/system/priv-app/MiuiCamera/MiuiCamera.apk=com.android.camera
/system/priv-app/MiuiExtraPhoto/MiuiExtraPhoto.apk=com.miui.extraphoto
/system/priv-app/MiuiFreeformService/MiuiFreeformService.apk=com.miui.freeform
/system/priv-app/MiuiGallery/MiuiGallery.apk=com.miui.gallery
/system/priv-app/MiuiHome/MiuiHome.apk=com.miui.home
/system/priv-app/MiuiPackageInstaller/MiuiPackageInstaller.apk=com.miui.packageinstaller
/system/priv-app/Mms/Mms.apk=com.android.mms
/system/priv-app/MmsService/MmsService.apk=com.android.mms.service
/system/priv-app/MtpService/MtpService.apk=com.android.mtp
/system/priv-app/Music/Music.apk=com.miui.player
/system/priv-app/MusicFX/MusicFX.apk=com.miui.audioeffect
/system/priv-app/ONS/ONS.apk=com.android.ons
/system/priv-app/PersonalAssistant/PersonalAssistant.apk=com.miui.personalassistant
/system/priv-app/PlatformNetworkPermissionConfig/PlatformNetworkPermissionConfig.apk=com.android.networkstack.permissionconfig
/system/priv-app/Provision/Provision.apk=com.android.provision
/system/priv-app/ProxyHandler/ProxyHandler.apk=com.android.proxyhandler
/system/priv-app/RtMiCloudSDK/RtMiCloudSDK.apk=com.xiaomi.micloud.sdk
/system/priv-app/SecurityCenter/SecurityCenter.apk=com.miui.securitycenter
/system/priv-app/SettingsProvider/SettingsProvider.apk=com.android.providers.settings
/system/priv-app/SharedStorageBackup/SharedStorageBackup.apk=com.android.sharedstoragebackup
/system/priv-app/Shell/Shell.apk=com.android.shell
/system/priv-app/SoundPicker/SoundPicker.apk=com.android.soundpicker
/system/priv-app/SoundRecorder/SoundRecorder.apk=com.android.soundrecorder
/system/priv-app/StatementService/StatementService.apk=com.android.statementservice
/system/priv-app/TeleService/TeleService.apk=com.android.phone
/system/priv-app/Telecom/Telecom.apk=com.android.server.telecom
/system/priv-app/TelephonyProvider/TelephonyProvider.apk=com.android.providers.telephony
/system/priv-app/UserDictionaryProvider/UserDictionaryProvider.apk=com.android.providers.userdictionary
/system/priv-app/VpnDialogs/VpnDialogs.apk=com.android.vpndialogs
/system/priv-app/Weather/Weather.apk=com.miui.weather2
/system/priv-app/XiaomiEUExt/XiaomiEUExt.apk=eu.xiaomi.ext
/system_ext/app/DeviceInfo/DeviceInfo.apk=com.qti.qualcomm.deviceinfo
/system_ext/app/DynamicDDSService/DynamicDDSService.apk=com.qualcomm.qti.dynamicddsservice
/system_ext/app/ImsRcsService/ImsRcsService.apk=vendor.qti.imsrcs
/system_ext/app/NQNfcNci/NQNfcNci.apk=com.android.nfc
/system_ext/app/QTIDiagServices/QTIDiagServices.apk=com.qti.diagservices
/system_ext/app/QdcmFF/QdcmFF.apk=com.qti.snapdragon.qdcm_ff
/system_ext/app/QtiTelephony/QtiTelephony.apk=com.qti.phone
/system_ext/app/QtiTelephonyService/QtiTelephonyService.apk=com.qualcomm.qti.telephonyservice
/system_ext/app/WAPPushManager/WAPPushManager.apk=com.android.smspush
/system_ext/app/atfwd/atfwd.apk=com.qualcomm.atfwd
/system_ext/app/datastatusnotification/datastatusnotification.apk=com.qti.qualcomm.datastatusnotification
/system_ext/app/embms/embms.apk=com.qualcomm.embms
/system_ext/app/workloadclassifier/workloadclassifier.apk=com.qualcomm.qti.workloadclassifier
/system_ext/priv-app/CarrierConfig/CarrierConfig.apk=com.android.carrierconfig
/system_ext/priv-app/CellBroadcastAppPlatform/CellBroadcastAppPlatform.apk=com.android.cellbroadcastreceiver
/system_ext/priv-app/EmergencyInfo/EmergencyInfo.apk=com.android.emergency
/system_ext/priv-app/GoogleOneTimeInitializer/GoogleOneTimeInitializer.apk=com.google.android.onetimeinitializer
/system_ext/priv-app/GoogleServicesFramework/GoogleServicesFramework.apk=com.google.android.gsf
/system_ext/priv-app/MiuiSystemUI/MiuiSystemUI.apk=com.android.systemui
/system_ext/priv-app/Polaris/Polaris.apk=com.xiaomi.gnss.polaris
/system_ext/priv-app/QAS_DVC_MSP/QAS_DVC_MSP.apk=com.qti.ltebc
/system_ext/priv-app/Settings/Settings.apk=com.android.settings
/system_ext/priv-app/StorageManager/StorageManager.apk=com.android.storagemanager
/system_ext/priv-app/WallpaperCropper/WallpaperCropper.apk=com.android.wallpapercropper
/system_ext/priv-app/WfdService/WfdService.apk=com.qualcomm.wfd.service
/system_ext/priv-app/beyondGnssService/beyondGnssService.apk=com.qualcomm.location
/system_ext/priv-app/dpmserviceapp/dpmserviceapp.apk=com.qti.dpmserviceapp
/system_ext/priv-app/qcrilmsgtunnel/qcrilmsgtunnel.apk=com.qualcomm.qcrilmsgtunnel
/system_ext/priv-app/xrcbservice/xrcbservice.apk=com.qualcomm.qti.xrcb
/vendor/app/CACertService/CACertService.apk=vendor.qti.hardware.cacert.server
/vendor/app/EidService_V2/EidService_V2.apk=com.rongcard.eidapi
/vendor/app/IFAAService/IFAAService.apk=org.ifaa.aidl.manager
/vendor/app/IWlanService/IWlanService.apk=vendor.qti.iwlan
/vendor/app/MipayService/MipayService.apk=org.mipay.android.manager
/vendor/app/SensorTestTool/SensorTestTool.apk=com.fingerprints.sensortesttool
/vendor/app/SoterService/SoterService.apk=com.tencent.soter.soterserver
/vendor/app/TimeService/TimeService.apk=com.qualcomm.timeservice
/vendor/app/com.qualcomm.qti.gpudrivers.lahaina.api30/com.qualcomm.qti.gpudrivers.lahaina.api30.apk=com.qualcomm.qti.gpudrivers.lahaina.api30
/vendor/overlay/FrameworksResTarget.apk=android.overlay.target
/vendor/overlay/WifiResTarget.apk=com.android.wifi.resources.overlay.target
